[INFO ] 2018-06-03 14:13:19,617 -- Dataset: u.data
[DEBUG] 2018-06-03 14:13:20,038 -- With Specs: {Users, Items, Ratings} = {943, 1682, 100000}, Scale = {1.0,2.0,3.0,4.0,5.0}
[INFO ] 2018-06-03 14:13:20,127 -- With Setup: given-ratio -r 0.8 -target  r -metricatK 0   --early-stop loss --loss-threshold 2.0
[DEBUG] 2018-06-03 14:13:20,199 -- training amount: 80034, test amount: 19966
[DEBUG] 2018-06-03 14:13:20,290 -- FBGD_MF: [factors, lRate, maxLRate, regB, regU, regI, iters, boldDriver] = [-1.0,1150.0,0.0,10,0.05,-1.0,0.001,0.001,200,0.1]
[DEBUG] 2018-06-03 14:13:20,532 -- FBGD_MF iter 1: loss = 4984162.0, delta_loss = -4984162.0, learn_rate = 0.05
[DEBUG] 2018-06-03 14:13:20,621 -- FBGD_MF iter 2: loss = 4933658.0, delta_loss = 50503.96, learn_rate = 0.05
[DEBUG] 2018-06-03 14:13:20,671 -- FBGD_MF iter 3: loss = 4786655.5, delta_loss = 147002.2, learn_rate = 0.05
[DEBUG] 2018-06-03 14:13:20,718 -- FBGD_MF iter 4: loss = 4615436.0, delta_loss = 171219.64, learn_rate = 0.05
[DEBUG] 2018-06-03 14:13:20,765 -- FBGD_MF iter 5: loss = 4475910.5, delta_loss = 139525.72, learn_rate = 0.05
[DEBUG] 2018-06-03 14:13:20,810 -- FBGD_MF iter 6: loss = 4372178.0, delta_loss = 103732.414, learn_rate = 0.05
[DEBUG] 2018-06-03 14:13:20,855 -- FBGD_MF iter 7: loss = 4296030.5, delta_loss = 76147.336, learn_rate = 0.05
[DEBUG] 2018-06-03 14:13:20,898 -- FBGD_MF iter 8: loss = 4239424.0, delta_loss = 56606.723, learn_rate = 0.05
[DEBUG] 2018-06-03 14:13:20,938 -- FBGD_MF iter 9: loss = 4196367.0, delta_loss = 43056.926, learn_rate = 0.05
[DEBUG] 2018-06-03 14:13:20,976 -- FBGD_MF iter 10: loss = 4162664.0, delta_loss = 33702.957, learn_rate = 0.05
[DEBUG] 2018-06-03 14:13:21,014 -- FBGD_MF iter 11: loss = 4135543.5, delta_loss = 27120.48, learn_rate = 0.05
[DEBUG] 2018-06-03 14:13:21,056 -- FBGD_MF iter 12: loss = 4113078.2, delta_loss = 22465.408, learn_rate = 0.05
[DEBUG] 2018-06-03 14:13:21,085 -- FBGD_MF iter 13: loss = 4093982.5, delta_loss = 19095.602, learn_rate = 0.05
[DEBUG] 2018-06-03 14:13:21,113 -- FBGD_MF iter 14: loss = 4077417.8, delta_loss = 16564.77, learn_rate = 0.05
[DEBUG] 2018-06-03 14:13:21,140 -- FBGD_MF iter 15: loss = 4062802.2, delta_loss = 14615.427, learn_rate = 0.05
[DEBUG] 2018-06-03 14:13:21,167 -- FBGD_MF iter 16: loss = 4049756.2, delta_loss = 13046.005, learn_rate = 0.05
[DEBUG] 2018-06-03 14:13:21,194 -- FBGD_MF iter 17: loss = 4037956.0, delta_loss = 11800.28, learn_rate = 0.05
[DEBUG] 2018-06-03 14:13:21,221 -- FBGD_MF iter 18: loss = 4027184.8, delta_loss = 10771.336, learn_rate = 0.05
[DEBUG] 2018-06-03 14:13:21,253 -- FBGD_MF iter 19: loss = 4017275.2, delta_loss = 9909.541, learn_rate = 0.05
[DEBUG] 2018-06-03 14:13:21,281 -- FBGD_MF iter 20: loss = 4008127.0, delta_loss = 9148.148, learn_rate = 0.05
[DEBUG] 2018-06-03 14:13:21,308 -- FBGD_MF iter 21: loss = 3999678.0, delta_loss = 8449.135, learn_rate = 0.05
[DEBUG] 2018-06-03 14:13:21,335 -- FBGD_MF iter 22: loss = 3991728.0, delta_loss = 7949.918, learn_rate = 0.05
[DEBUG] 2018-06-03 14:13:21,363 -- FBGD_MF iter 23: loss = 3984320.0, delta_loss = 7407.9536, learn_rate = 0.05
[DEBUG] 2018-06-03 14:13:21,392 -- FBGD_MF iter 24: loss = 3977413.5, delta_loss = 6906.492, learn_rate = 0.05
[DEBUG] 2018-06-03 14:13:21,420 -- FBGD_MF iter 25: loss = 3970933.5, delta_loss = 6479.953, learn_rate = 0.05
[DEBUG] 2018-06-03 14:13:21,449 -- FBGD_MF iter 26: loss = 3964882.0, delta_loss = 6051.646, learn_rate = 0.05
[DEBUG] 2018-06-03 14:13:21,490 -- FBGD_MF iter 27: loss = 3959213.8, delta_loss = 5668.252, learn_rate = 0.05
[DEBUG] 2018-06-03 14:13:21,532 -- FBGD_MF iter 28: loss = 3953900.2, delta_loss = 5313.502, learn_rate = 0.05
[DEBUG] 2018-06-03 14:13:21,571 -- FBGD_MF iter 29: loss = 3948940.2, delta_loss = 4959.914, learn_rate = 0.05
[DEBUG] 2018-06-03 14:13:21,610 -- FBGD_MF iter 30: loss = 3944248.5, delta_loss = 4691.834, learn_rate = 0.05
[DEBUG] 2018-06-03 14:13:21,649 -- FBGD_MF iter 31: loss = 3939825.2, delta_loss = 4423.08, learn_rate = 0.05
[DEBUG] 2018-06-03 14:13:21,688 -- FBGD_MF iter 32: loss = 3935609.2, delta_loss = 4215.991, learn_rate = 0.05
[DEBUG] 2018-06-03 14:13:21,724 -- FBGD_MF iter 33: loss = 3931713.0, delta_loss = 3896.3457, learn_rate = 0.05
[DEBUG] 2018-06-03 14:13:21,752 -- FBGD_MF iter 34: loss = 3927956.2, delta_loss = 3756.8057, learn_rate = 0.05
[DEBUG] 2018-06-03 14:13:21,780 -- FBGD_MF iter 35: loss = 3924492.8, delta_loss = 3463.447, learn_rate = 0.05
[DEBUG] 2018-06-03 14:13:21,808 -- FBGD_MF iter 36: loss = 3921070.8, delta_loss = 3422.054, learn_rate = 0.05
[DEBUG] 2018-06-03 14:13:21,836 -- FBGD_MF iter 37: loss = 3917938.5, delta_loss = 3132.2173, learn_rate = 0.05
[DEBUG] 2018-06-03 14:13:21,864 -- FBGD_MF iter 38: loss = 3914901.8, delta_loss = 3036.8003, learn_rate = 0.05
[DEBUG] 2018-06-03 14:13:21,892 -- FBGD_MF iter 39: loss = 3911996.0, delta_loss = 2905.7017, learn_rate = 0.05
[DEBUG] 2018-06-03 14:13:21,920 -- FBGD_MF iter 40: loss = 3909232.2, delta_loss = 2763.795, learn_rate = 0.05
[DEBUG] 2018-06-03 14:13:21,948 -- FBGD_MF iter 41: loss = 3906618.0, delta_loss = 2614.2842, learn_rate = 0.05
[DEBUG] 2018-06-03 14:13:21,975 -- FBGD_MF iter 42: loss = 3904182.2, delta_loss = 2435.6008, learn_rate = 0.05
[DEBUG] 2018-06-03 14:13:22,003 -- FBGD_MF iter 43: loss = 3901792.5, delta_loss = 2389.7021, learn_rate = 0.05
[DEBUG] 2018-06-03 14:13:22,031 -- FBGD_MF iter 44: loss = 3899590.2, delta_loss = 2202.341, learn_rate = 0.05
[DEBUG] 2018-06-03 14:13:22,059 -- FBGD_MF iter 45: loss = 3897358.5, delta_loss = 2231.839, learn_rate = 0.05
[DEBUG] 2018-06-03 14:13:22,089 -- FBGD_MF iter 46: loss = 3895341.0, delta_loss = 2017.3406, learn_rate = 0.05
[DEBUG] 2018-06-03 14:13:22,120 -- FBGD_MF iter 47: loss = 3893182.0, delta_loss = 2159.144, learn_rate = 0.05
[DEBUG] 2018-06-03 14:13:22,147 -- FBGD_MF iter 48: loss = 3891330.5, delta_loss = 1851.4038, learn_rate = 0.05
[DEBUG] 2018-06-03 14:13:22,175 -- FBGD_MF iter 49: loss = 3889349.5, delta_loss = 1981.1102, learn_rate = 0.05
[DEBUG] 2018-06-03 14:13:22,203 -- FBGD_MF iter 50: loss = 3887651.5, delta_loss = 1697.984, learn_rate = 0.05
[DEBUG] 2018-06-03 14:13:22,231 -- FBGD_MF iter 51: loss = 3885888.8, delta_loss = 1762.6537, learn_rate = 0.05
[DEBUG] 2018-06-03 14:13:22,259 -- FBGD_MF iter 52: loss = 3884269.8, delta_loss = 1619.0616, learn_rate = 0.05
[DEBUG] 2018-06-03 14:13:22,290 -- FBGD_MF iter 53: loss = 3882675.2, delta_loss = 1594.3981, learn_rate = 0.05
[DEBUG] 2018-06-03 14:13:22,318 -- FBGD_MF iter 54: loss = 3881132.2, delta_loss = 1542.9812, learn_rate = 0.05
[DEBUG] 2018-06-03 14:13:22,346 -- FBGD_MF iter 55: loss = 3879638.8, delta_loss = 1493.5927, learn_rate = 0.05
[DEBUG] 2018-06-03 14:13:22,374 -- FBGD_MF iter 56: loss = 3878168.8, delta_loss = 1470.0403, learn_rate = 0.05
[DEBUG] 2018-06-03 14:13:22,401 -- FBGD_MF iter 57: loss = 3876848.5, delta_loss = 1320.249, learn_rate = 0.05
[DEBUG] 2018-06-03 14:13:22,428 -- FBGD_MF iter 58: loss = 3875429.8, delta_loss = 1418.784, learn_rate = 0.05
[DEBUG] 2018-06-03 14:13:22,454 -- FBGD_MF iter 59: loss = 3874189.8, delta_loss = 1239.847, learn_rate = 0.05
[DEBUG] 2018-06-03 14:13:22,486 -- FBGD_MF iter 60: loss = 3872869.0, delta_loss = 1320.8752, learn_rate = 0.05
[DEBUG] 2018-06-03 14:13:22,525 -- FBGD_MF iter 61: loss = 3871678.5, delta_loss = 1190.46, learn_rate = 0.05
[DEBUG] 2018-06-03 14:13:22,561 -- FBGD_MF iter 62: loss = 3870502.8, delta_loss = 1175.8496, learn_rate = 0.05
[DEBUG] 2018-06-03 14:13:22,600 -- FBGD_MF iter 63: loss = 3869353.8, delta_loss = 1148.9487, learn_rate = 0.05
[DEBUG] 2018-06-03 14:13:22,637 -- FBGD_MF iter 64: loss = 3868274.5, delta_loss = 1079.2006, learn_rate = 0.05
[DEBUG] 2018-06-03 14:13:22,674 -- FBGD_MF iter 65: loss = 3867149.0, delta_loss = 1125.6166, learn_rate = 0.05
[DEBUG] 2018-06-03 14:13:22,711 -- FBGD_MF iter 66: loss = 3866144.8, delta_loss = 1004.25397, learn_rate = 0.05
[DEBUG] 2018-06-03 14:13:22,749 -- FBGD_MF iter 67: loss = 3865056.2, delta_loss = 1088.2893, learn_rate = 0.05
[DEBUG] 2018-06-03 14:13:22,788 -- FBGD_MF iter 68: loss = 3864161.2, delta_loss = 895.0402, learn_rate = 0.05
[DEBUG] 2018-06-03 14:13:22,827 -- FBGD_MF iter 69: loss = 3863148.2, delta_loss = 1013.1466, learn_rate = 0.05
[DEBUG] 2018-06-03 14:13:22,864 -- FBGD_MF iter 70: loss = 3862295.2, delta_loss = 852.80164, learn_rate = 0.05
[DEBUG] 2018-06-03 14:13:22,902 -- FBGD_MF iter 71: loss = 3861276.0, delta_loss = 1019.4035, learn_rate = 0.05
[DEBUG] 2018-06-03 14:13:22,939 -- FBGD_MF iter 72: loss = 3860455.2, delta_loss = 820.7581, learn_rate = 0.05
[DEBUG] 2018-06-03 14:13:22,977 -- FBGD_MF iter 73: loss = 3859552.2, delta_loss = 902.852, learn_rate = 0.05
[DEBUG] 2018-06-03 14:13:23,006 -- FBGD_MF iter 74: loss = 3858784.5, delta_loss = 767.92596, learn_rate = 0.05
[DEBUG] 2018-06-03 14:13:23,033 -- FBGD_MF iter 75: loss = 3857882.2, delta_loss = 902.0847, learn_rate = 0.05
[DEBUG] 2018-06-03 14:13:23,059 -- FBGD_MF iter 76: loss = 3857144.0, delta_loss = 738.3674, learn_rate = 0.05
[DEBUG] 2018-06-03 14:13:23,086 -- FBGD_MF iter 77: loss = 3856346.0, delta_loss = 797.85, learn_rate = 0.05
[DEBUG] 2018-06-03 14:13:23,113 -- FBGD_MF iter 78: loss = 3855621.5, delta_loss = 724.6975, learn_rate = 0.05
[DEBUG] 2018-06-03 14:13:23,141 -- FBGD_MF iter 79: loss = 3854848.2, delta_loss = 773.0902, learn_rate = 0.05
[DEBUG] 2018-06-03 14:13:23,170 -- FBGD_MF iter 80: loss = 3854135.2, delta_loss = 713.00977, learn_rate = 0.05
[DEBUG] 2018-06-03 14:13:23,197 -- FBGD_MF iter 81: loss = 3853432.5, delta_loss = 702.836, learn_rate = 0.05
[DEBUG] 2018-06-03 14:13:23,224 -- FBGD_MF iter 82: loss = 3852773.8, delta_loss = 658.7739, learn_rate = 0.05
[DEBUG] 2018-06-03 14:13:23,251 -- FBGD_MF iter 83: loss = 3852059.5, delta_loss = 714.27875, learn_rate = 0.05
[DEBUG] 2018-06-03 14:13:23,279 -- FBGD_MF iter 84: loss = 3851395.2, delta_loss = 664.07666, learn_rate = 0.05
[DEBUG] 2018-06-03 14:13:23,306 -- FBGD_MF iter 85: loss = 3850723.0, delta_loss = 672.2808, learn_rate = 0.05
[DEBUG] 2018-06-03 14:13:23,337 -- FBGD_MF iter 86: loss = 3850132.2, delta_loss = 590.71735, learn_rate = 0.05
[DEBUG] 2018-06-03 14:13:23,365 -- FBGD_MF iter 87: loss = 3849449.8, delta_loss = 682.5022, learn_rate = 0.05
[DEBUG] 2018-06-03 14:13:23,391 -- FBGD_MF iter 88: loss = 3848870.2, delta_loss = 579.5086, learn_rate = 0.05
[DEBUG] 2018-06-03 14:13:23,418 -- FBGD_MF iter 89: loss = 3848258.2, delta_loss = 612.03394, learn_rate = 0.05
[DEBUG] 2018-06-03 14:13:23,445 -- FBGD_MF iter 90: loss = 3847632.0, delta_loss = 626.3795, learn_rate = 0.05
[DEBUG] 2018-06-03 14:13:23,475 -- FBGD_MF iter 91: loss = 3847081.0, delta_loss = 550.8931, learn_rate = 0.05
[DEBUG] 2018-06-03 14:13:23,502 -- FBGD_MF iter 92: loss = 3846456.8, delta_loss = 624.24036, learn_rate = 0.05
[DEBUG] 2018-06-03 14:13:23,529 -- FBGD_MF iter 93: loss = 3846005.5, delta_loss = 451.29675, learn_rate = 0.05
[DEBUG] 2018-06-03 14:13:23,557 -- FBGD_MF iter 94: loss = 3845370.2, delta_loss = 635.2631, learn_rate = 0.05
[DEBUG] 2018-06-03 14:13:23,584 -- FBGD_MF iter 95: loss = 3844889.5, delta_loss = 480.7386, learn_rate = 0.05
[DEBUG] 2018-06-03 14:13:23,617 -- FBGD_MF iter 96: loss = 3844330.0, delta_loss = 559.4727, learn_rate = 0.05
[DEBUG] 2018-06-03 14:13:23,644 -- FBGD_MF iter 97: loss = 3843948.0, delta_loss = 382.03204, learn_rate = 0.05
[DEBUG] 2018-06-03 14:13:23,671 -- FBGD_MF iter 98: loss = 3843361.2, delta_loss = 586.6581, learn_rate = 0.05
[DEBUG] 2018-06-03 14:13:23,698 -- FBGD_MF iter 99: loss = 3842934.5, delta_loss = 426.93985, learn_rate = 0.05
[DEBUG] 2018-06-03 14:13:23,724 -- FBGD_MF iter 100: loss = 3842514.2, delta_loss = 420.08594, learn_rate = 0.05
[DEBUG] 2018-06-03 14:13:23,753 -- FBGD_MF iter 101: loss = 3842038.0, delta_loss = 476.24304, learn_rate = 0.05
[DEBUG] 2018-06-03 14:13:23,780 -- FBGD_MF iter 102: loss = 3841663.0, delta_loss = 375.0793, learn_rate = 0.05
[DEBUG] 2018-06-03 14:13:23,807 -- FBGD_MF iter 103: loss = 3841164.0, delta_loss = 499.02884, learn_rate = 0.05
[DEBUG] 2018-06-03 14:13:23,836 -- FBGD_MF iter 104: loss = 3840880.8, delta_loss = 283.1926, learn_rate = 0.05
[DEBUG] 2018-06-03 14:13:23,864 -- FBGD_MF iter 105: loss = 3840368.2, delta_loss = 512.4054, learn_rate = 0.05
[DEBUG] 2018-06-03 14:13:23,891 -- FBGD_MF iter 106: loss = 3840135.5, delta_loss = 232.86232, learn_rate = 0.05
[DEBUG] 2018-06-03 14:13:23,918 -- FBGD_MF iter 107: loss = 3839552.8, delta_loss = 582.6381, learn_rate = 0.05
[DEBUG] 2018-06-03 14:13:23,946 -- FBGD_MF iter 108: loss = 3839381.0, delta_loss = 171.83415, learn_rate = 0.05
[DEBUG] 2018-06-03 14:13:23,973 -- FBGD_MF iter 109: loss = 3838906.2, delta_loss = 474.70993, learn_rate = 0.05
[DEBUG] 2018-06-03 14:13:23,999 -- FBGD_MF iter 110: loss = 3838660.0, delta_loss = 246.33252, learn_rate = 0.05
[DEBUG] 2018-06-03 14:13:24,027 -- FBGD_MF iter 111: loss = 3838193.5, delta_loss = 466.39563, learn_rate = 0.05
[DEBUG] 2018-06-03 14:13:24,054 -- FBGD_MF iter 112: loss = 3837957.0, delta_loss = 236.52861, learn_rate = 0.05
[DEBUG] 2018-06-03 14:13:24,081 -- FBGD_MF iter 113: loss = 3837642.5, delta_loss = 314.65854, learn_rate = 0.05
[DEBUG] 2018-06-03 14:13:24,107 -- FBGD_MF iter 114: loss = 3837237.8, delta_loss = 404.7085, learn_rate = 0.05
[DEBUG] 2018-06-03 14:13:24,135 -- FBGD_MF iter 115: loss = 3837085.2, delta_loss = 152.418, learn_rate = 0.05
[DEBUG] 2018-06-03 14:13:24,162 -- FBGD_MF iter 116: loss = 3836635.5, delta_loss = 449.65744, learn_rate = 0.05
[DEBUG] 2018-06-03 14:13:24,189 -- FBGD_MF iter 117: loss = 3836545.2, delta_loss = 90.34445, learn_rate = 0.05
[DEBUG] 2018-06-03 14:13:24,215 -- FBGD_MF iter 118: loss = 3836030.5, delta_loss = 514.871, learn_rate = 0.05
[DEBUG] 2018-06-03 14:13:24,243 -- FBGD_MF iter 119: loss = 3836001.2, delta_loss = 29.072948, learn_rate = 0.05
[DEBUG] 2018-06-03 14:13:24,270 -- FBGD_MF iter 120: loss = 3835567.5, delta_loss = 433.80634, learn_rate = 0.05
[DEBUG] 2018-06-03 14:13:24,302 -- FBGD_MF iter 121: loss = 3835419.2, delta_loss = 148.26009, learn_rate = 0.05
[DEBUG] 2018-06-03 14:13:24,330 -- FBGD_MF iter 122: loss = 3835068.5, delta_loss = 350.76056, learn_rate = 0.05
[DEBUG] 2018-06-03 14:13:24,360 -- FBGD_MF iter 123: loss = 3834910.0, delta_loss = 158.59584, learn_rate = 0.05
[DEBUG] 2018-06-03 14:13:24,386 -- FBGD_MF iter 124: loss = 3834588.8, delta_loss = 321.22015, learn_rate = 0.05
[DEBUG] 2018-06-03 14:13:24,414 -- FBGD_MF iter 125: loss = 3834403.8, delta_loss = 184.89392, learn_rate = 0.05
[DEBUG] 2018-06-03 14:13:24,442 -- FBGD_MF iter 126: loss = 3834133.0, delta_loss = 270.87985, learn_rate = 0.05
[DEBUG] 2018-06-03 14:13:24,470 -- FBGD_MF iter 127: loss = 3833953.5, delta_loss = 179.45009, learn_rate = 0.05
[DEBUG] 2018-06-03 14:13:24,504 -- FBGD_MF iter 128: loss = 3833718.2, delta_loss = 235.15248, learn_rate = 0.05
[DEBUG] 2018-06-03 14:13:24,542 -- FBGD_MF iter 129: loss = 3833473.8, delta_loss = 244.59222, learn_rate = 0.05
[DEBUG] 2018-06-03 14:13:24,582 -- FBGD_MF iter 130: loss = 3833311.8, delta_loss = 161.8756, learn_rate = 0.05
[DEBUG] 2018-06-03 14:13:24,620 -- FBGD_MF iter 131: loss = 3833118.2, delta_loss = 193.57971, learn_rate = 0.05
[DEBUG] 2018-06-03 14:13:24,658 -- FBGD_MF iter 132: loss = 3832926.5, delta_loss = 191.652, learn_rate = 0.05
[DEBUG] 2018-06-03 14:13:24,696 -- FBGD_MF iter 133: loss = 3832723.2, delta_loss = 203.32542, learn_rate = 0.05
[DEBUG] 2018-06-03 14:13:24,735 -- FBGD_MF iter 134: loss = 3832573.2, delta_loss = 150.0569, learn_rate = 0.05
[DEBUG] 2018-06-03 14:13:24,774 -- FBGD_MF iter 135: loss = 3832336.0, delta_loss = 237.31552, learn_rate = 0.05
[DEBUG] 2018-06-03 14:13:24,805 -- FBGD_MF iter 136: loss = 3832269.5, delta_loss = 66.36837, learn_rate = 0.05
[DEBUG] 2018-06-03 14:13:24,833 -- FBGD_MF iter 137: loss = 3832063.5, delta_loss = 206.15584, learn_rate = 0.05
[DEBUG] 2018-06-03 14:13:24,859 -- FBGD_MF iter 138: loss = 3831924.2, delta_loss = 139.13718, learn_rate = 0.05
[DEBUG] 2018-06-03 14:13:24,888 -- FBGD_MF iter 139: loss = 3831723.8, delta_loss = 200.61522, learn_rate = 0.05
[DEBUG] 2018-06-03 14:13:24,915 -- FBGD_MF iter 140: loss = 3831642.5, delta_loss = 81.17734, learn_rate = 0.05
[DEBUG] 2018-06-03 14:13:24,943 -- FBGD_MF iter 141: loss = 3831448.8, delta_loss = 193.82483, learn_rate = 0.05
[DEBUG] 2018-06-03 14:13:24,972 -- FBGD_MF iter 142: loss = 3831356.8, delta_loss = 91.75653, learn_rate = 0.05
[DEBUG] 2018-06-03 14:13:24,999 -- FBGD_MF iter 143: loss = 3831183.5, delta_loss = 173.3094, learn_rate = 0.05
[DEBUG] 2018-06-03 14:13:25,026 -- FBGD_MF iter 144: loss = 3831087.0, delta_loss = 96.66878, learn_rate = 0.05
[DEBUG] 2018-06-03 14:13:25,053 -- FBGD_MF iter 145: loss = 3830909.5, delta_loss = 177.39189, learn_rate = 0.05
[DEBUG] 2018-06-03 14:13:25,081 -- FBGD_MF iter 146: loss = 3830807.2, delta_loss = 102.32537, learn_rate = 0.05
[DEBUG] 2018-06-03 14:13:25,108 -- FBGD_MF iter 147: loss = 3830686.5, delta_loss = 120.7408, learn_rate = 0.05
[DEBUG] 2018-06-03 14:13:25,134 -- FBGD_MF iter 148: loss = 3830523.2, delta_loss = 163.14064, learn_rate = 0.05
[DEBUG] 2018-06-03 14:13:25,161 -- FBGD_MF iter 149: loss = 3830461.2, delta_loss = 61.9723, learn_rate = 0.05
[DEBUG] 2018-06-03 14:13:25,188 -- FBGD_MF iter 150: loss = 3830336.5, delta_loss = 124.92947, learn_rate = 0.05
[DEBUG] 2018-06-03 14:13:25,215 -- FBGD_MF iter 151: loss = 3830194.2, delta_loss = 142.14934, learn_rate = 0.05
[DEBUG] 2018-06-03 14:13:25,243 -- FBGD_MF iter 152: loss = 3830080.2, delta_loss = 113.89097, learn_rate = 0.05
[DEBUG] 2018-06-03 14:13:25,270 -- FBGD_MF iter 153: loss = 3829983.8, delta_loss = 96.5921, learn_rate = 0.05
[DEBUG] 2018-06-03 14:13:25,298 -- FBGD_MF iter 154: loss = 3829849.5, delta_loss = 134.18958, learn_rate = 0.05
[DEBUG] 2018-06-03 14:13:25,325 -- FBGD_MF iter 155: loss = 3829826.2, delta_loss = 23.416374, learn_rate = 0.05
[DEBUG] 2018-06-03 14:13:25,351 -- FBGD_MF iter 156: loss = 3829681.8, delta_loss = 144.50266, learn_rate = 0.05
[DEBUG] 2018-06-03 14:13:25,378 -- FBGD_MF iter 157: loss = 3829607.2, delta_loss = 74.31158, learn_rate = 0.05
[DEBUG] 2018-06-03 14:13:25,406 -- FBGD_MF iter 158: loss = 3829526.5, delta_loss = 80.770226, learn_rate = 0.05
[DEBUG] 2018-06-03 14:13:25,433 -- FBGD_MF iter 159: loss = 3829419.0, delta_loss = 107.589935, learn_rate = 0.05
[DEBUG] 2018-06-03 14:13:25,459 -- FBGD_MF iter 160: loss = 3829297.0, delta_loss = 121.9463, learn_rate = 0.05
[DEBUG] 2018-06-03 14:13:25,487 -- FBGD_MF iter 161: loss = 3829292.2, delta_loss = 4.704299, learn_rate = 0.05
[DEBUG] 2018-06-03 14:13:25,513 -- FBGD_MF iter 162: loss = 3829231.0, delta_loss = 61.40687, learn_rate = 0.05
[DEBUG] 2018-06-03 14:13:25,540 -- FBGD_MF iter 163: loss = 3829163.8, delta_loss = 67.07449, learn_rate = 0.05
[DEBUG] 2018-06-03 14:13:25,568 -- FBGD_MF iter 164: loss = 3829044.0, delta_loss = 119.760025, learn_rate = 0.05
[DEBUG] 2018-06-03 14:13:25,595 -- FBGD_MF iter 165: loss = 3828993.5, delta_loss = 50.581997, learn_rate = 0.05
[DEBUG] 2018-06-03 14:13:25,622 -- FBGD_MF iter 166: loss = 3828894.0, delta_loss = 99.48865, learn_rate = 0.05
[DEBUG] 2018-06-03 14:13:25,649 -- FBGD_MF iter 167: loss = 3828884.5, delta_loss = 9.421673, learn_rate = 0.05
[DEBUG] 2018-06-03 14:13:25,677 -- FBGD_MF iter 168: loss = 3828902.0, delta_loss = -17.49129, learn_rate = 0.05
[DEBUG] 2018-06-03 14:13:25,704 -- FBGD_MF iter 169: loss = 3828674.2, delta_loss = 227.92892, learn_rate = 0.05
[DEBUG] 2018-06-03 14:13:25,732 -- FBGD_MF iter 170: loss = 3828746.8, delta_loss = -72.47351, learn_rate = 0.05
[DEBUG] 2018-06-03 14:13:25,765 -- FBGD_MF iter 171: loss = 3828661.0, delta_loss = 85.67098, learn_rate = 0.05
[DEBUG] 2018-06-03 14:13:25,792 -- FBGD_MF iter 172: loss = 3828573.2, delta_loss = 87.752174, learn_rate = 0.05
[DEBUG] 2018-06-03 14:13:25,819 -- FBGD_MF iter 173: loss = 3828503.0, delta_loss = 70.307655, learn_rate = 0.05
[DEBUG] 2018-06-03 14:13:25,847 -- FBGD_MF iter 174: loss = 3828598.5, delta_loss = -95.64997, learn_rate = 0.05
[DEBUG] 2018-06-03 14:13:25,873 -- FBGD_MF iter 175: loss = 3828405.8, delta_loss = 192.87178, learn_rate = 0.05
[DEBUG] 2018-06-03 14:13:25,901 -- FBGD_MF iter 176: loss = 3828393.8, delta_loss = 11.887041, learn_rate = 0.05
[DEBUG] 2018-06-03 14:13:25,929 -- FBGD_MF iter 177: loss = 3828419.0, delta_loss = -25.177801, learn_rate = 0.05
[DEBUG] 2018-06-03 14:13:25,957 -- FBGD_MF iter 178: loss = 3828179.5, delta_loss = 239.56667, learn_rate = 0.05
[DEBUG] 2018-06-03 14:13:25,983 -- FBGD_MF iter 179: loss = 3828429.2, delta_loss = -249.7739, learn_rate = 0.05
[DEBUG] 2018-06-03 14:13:26,010 -- FBGD_MF iter 180: loss = 3828105.5, delta_loss = 323.7988, learn_rate = 0.05
[DEBUG] 2018-06-03 14:13:26,036 -- FBGD_MF iter 181: loss = 3828288.8, delta_loss = -183.43292, learn_rate = 0.05
[DEBUG] 2018-06-03 14:13:26,064 -- FBGD_MF iter 182: loss = 3828095.0, delta_loss = 193.88712, learn_rate = 0.05
[DEBUG] 2018-06-03 14:13:26,091 -- FBGD_MF iter 183: loss = 3828122.0, delta_loss = -27.090582, learn_rate = 0.05
[DEBUG] 2018-06-03 14:13:26,117 -- FBGD_MF iter 184: loss = 3828056.2, delta_loss = 65.708626, learn_rate = 0.05
[DEBUG] 2018-06-03 14:13:26,144 -- FBGD_MF iter 185: loss = 3828042.2, delta_loss = 14.020868, learn_rate = 0.05
[DEBUG] 2018-06-03 14:13:26,171 -- FBGD_MF iter 186: loss = 3828026.8, delta_loss = 15.423629, learn_rate = 0.05
[DEBUG] 2018-06-03 14:13:26,198 -- FBGD_MF iter 187: loss = 3827936.8, delta_loss = 90.19675, learn_rate = 0.05
[DEBUG] 2018-06-03 14:13:26,225 -- FBGD_MF iter 188: loss = 3827910.5, delta_loss = 26.246813, learn_rate = 0.05
[DEBUG] 2018-06-03 14:13:26,252 -- FBGD_MF iter 189: loss = 3827851.8, delta_loss = 58.574215, learn_rate = 0.05
[DEBUG] 2018-06-03 14:13:26,279 -- FBGD_MF iter 190: loss = 3827830.8, delta_loss = 21.046347, learn_rate = 0.05
[DEBUG] 2018-06-03 14:13:26,306 -- FBGD_MF iter 191: loss = 3827816.5, delta_loss = 14.248595, learn_rate = 0.05
[DEBUG] 2018-06-03 14:13:26,335 -- FBGD_MF iter 192: loss = 3827836.2, delta_loss = -19.635967, learn_rate = 0.05
[DEBUG] 2018-06-03 14:13:26,362 -- FBGD_MF iter 193: loss = 3827669.5, delta_loss = 166.63634, learn_rate = 0.05
[DEBUG] 2018-06-03 14:13:26,389 -- FBGD_MF iter 194: loss = 3827791.0, delta_loss = -121.4285, learn_rate = 0.05
[DEBUG] 2018-06-03 14:13:26,415 -- FBGD_MF iter 195: loss = 3827541.2, delta_loss = 249.75522, learn_rate = 0.05
[DEBUG] 2018-06-03 14:13:26,442 -- FBGD_MF iter 196: loss = 3827726.0, delta_loss = -184.74974, learn_rate = 0.05
[DEBUG] 2018-06-03 14:13:26,469 -- FBGD_MF iter 197: loss = 3827500.0, delta_loss = 225.91853, learn_rate = 0.05
[DEBUG] 2018-06-03 14:13:26,497 -- FBGD_MF iter 198: loss = 3827726.2, delta_loss = -226.0883, learn_rate = 0.05
[DEBUG] 2018-06-03 14:13:26,524 -- FBGD_MF iter 199: loss = 3827520.0, delta_loss = 206.25822, learn_rate = 0.05
[DEBUG] 2018-06-03 14:13:26,551 -- FBGD_MF iter 200: loss = 3827575.8, delta_loss = -55.80041, learn_rate = 0.05
[DEBUG] 2018-06-03 14:13:26,552 -- FBGD_MF evaluate test data ... 
[DEBUG] 2018-06-03 14:13:26,553 -- FBGD_MF has candidate items: 1657
[DEBUG] 2018-06-03 14:13:26,672 -- FBGD_MF evaluates progress: 100 / 943
[DEBUG] 2018-06-03 14:13:26,747 -- FBGD_MF evaluates progress: 200 / 943
[DEBUG] 2018-06-03 14:13:26,806 -- FBGD_MF evaluates progress: 300 / 943
[DEBUG] 2018-06-03 14:13:26,877 -- FBGD_MF evaluates progress: 400 / 943
[DEBUG] 2018-06-03 14:13:26,940 -- FBGD_MF evaluates progress: 500 / 943
[DEBUG] 2018-06-03 14:13:27,002 -- FBGD_MF evaluates progress: 600 / 943
[DEBUG] 2018-06-03 14:13:27,064 -- FBGD_MF evaluates progress: 700 / 943
[DEBUG] 2018-06-03 14:13:27,123 -- FBGD_MF evaluates progress: 800 / 943
[DEBUG] 2018-06-03 14:13:27,185 -- FBGD_MF evaluates progress: 900 / 943
[DEBUG] 2018-06-03 14:13:27,214 -- FBGD_MF has writeen item recommendations to ./Results/FBGD_MF-top-10-items.txt
[INFO ] 2018-06-03 14:13:27,220 -- FBGD_MF,0.417197,0.348832,0.145857,0.227316,0.942000,0.144313,0.276353,0.678638,,-1.0,1150.0,0.0,10,0.05,-1.0,0.001,0.001,200,0.1,'00:06','00:00'

